# JRE version: Java(TM) SE Runtime Environment (7.0_45-b18) (build 1.7.0_45-b18)
# Java VM: Java HotSpot(TM) 64-Bit Server VM (24.45-b08 mixed mode bsd-amd64 compressed oops)
Heap
 PSYoungGen      total 23552K, used 17206K [0x00000007d5500000, 0x00000007d8080000, 0x0000000800000000)
  eden space 18944K, 67% used [0x00000007d5500000,0x00000007d6179108,0x00000007d6780000)
  from space 4608K, 96% used [0x00000007d6780000,0x00000007d6bd4aa0,0x00000007d6c00000)
  to   space 12800K, 0% used [0x00000007d7400000,0x00000007d7400000,0x00000007d8080000)
 ParOldGen       total 87552K, used 74904K [0x0000000780000000, 0x0000000785580000, 0x00000007d5500000)
  object space 87552K, 85% used [0x0000000780000000,0x00000007849260e0,0x0000000785580000)
 PSPermGen       total 28160K, used 23169K [0x000000077ae00000, 0x000000077c980000, 0x0000000780000000)
  object space 28160K, 82% used [0x000000077ae00000,0x000000077c4a0640,0x000000077c980000)
GC Heap History (10 events):
Event: 30.126 GC heap before
{Heap before GC invocations=20 (full 1):
 PSYoungGen      total 34816K, used 20048K [0x00000007d5500000, 0x00000007d8780000, 0x0000000800000000)
  eden space 18944K, 100% used [0x00000007d5500000,0x00000007d6780000,0x00000007d6780000)
  from space 15872K, 6% used [0x00000007d7800000,0x00000007d79140c8,0x00000007d8780000)
  to   space 16384K, 0% used [0x00000007d6780000,0x00000007d6780000,0x00000007d7780000)
 ParOldGen       total 87552K, used 58732K [0x0000000780000000, 0x0000000785580000, 0x00000007d5500000)
  object space 87552K, 67% used [0x0000000780000000,0x000000078395b0e0,0x0000000785580000)
 PSPermGen       total 28160K, used 23036K [0x000000077ae00000, 0x000000077c980000, 0x0000000780000000)
  object space 28160K, 81% used [0x000000077ae00000,0x000000077c47f018,0x000000077c980000)
Event: 30.128 GC heap after
Heap after GC invocations=20 (full 1):
 PSYoungGen      total 20480K, used 1209K [0x00000007d5500000, 0x00000007d8680000, 0x0000000800000000)
  eden space 18944K, 0% used [0x00000007d5500000,0x00000007d5500000,0x00000007d6780000)
  from space 1536K, 78% used [0x00000007d6780000,0x00000007d68ae4d0,0x00000007d6900000)
  to   space 15872K, 0% used [0x00000007d7700000,0x00000007d7700000,0x00000007d8680000)
 ParOldGen       total 87552K, used 59489K [0x0000000780000000, 0x0000000785580000, 0x00000007d5500000)
  object space 87552K, 67% used [0x0000000780000000,0x0000000783a18698,0x0000000785580000)
 PSPermGen       total 28160K, used 23036K [0x000000077ae00000, 0x000000077c980000, 0x0000000780000000)
  object space 28160K, 81% used [0x000000077ae00000,0x000000077c47f018,0x000000077c980000)
}
Event: 32.108 GC heap before
{Heap before GC invocations=21 (full 1):
 PSYoungGen      total 20480K, used 20145K [0x00000007d5500000, 0x00000007d8680000, 0x0000000800000000)
  eden space 18944K, 99% used [0x00000007d5500000,0x00000007d677e178,0x00000007d6780000)
  from space 1536K, 78% used [0x00000007d6780000,0x00000007d68ae4d0,0x00000007d6900000)
  to   space 15872K, 0% used [0x00000007d7700000,0x00000007d7700000,0x00000007d8680000)
 ParOldGen       total 87552K, used 59489K [0x0000000780000000, 0x0000000785580000, 0x00000007d5500000)
  object space 87552K, 67% used [0x0000000780000000,0x0000000783a18698,0x0000000785580000)
 PSPermGen       total 28160K, used 23065K [0x000000077ae00000, 0x000000077c980000, 0x0000000780000000)
  object space 28160K, 81% used [0x000000077ae00000,0x000000077c486710,0x000000077c980000)
Event: 32.111 GC heap after
Heap after GC invocations=21 (full 1):
 PSYoungGen      total 32768K, used 2529K [0x00000007d5500000, 0x00000007d8480000, 0x0000000800000000)
  eden space 18944K, 0% used [0x00000007d5500000,0x00000007d5500000,0x00000007d6780000)
  from space 13824K, 18% used [0x00000007d7700000,0x00000007d7978598,0x00000007d8480000)
  to   space 14848K, 0% used [0x00000007d6780000,0x00000007d6780000,0x00000007d7600000)
 ParOldGen       total 87552K, used 60502K [0x0000000780000000, 0x0000000785580000, 0x00000007d5500000)
  object space 87552K, 69% used [0x0000000780000000,0x0000000783b15a90,0x0000000785580000)
 PSPermGen       total 28160K, used 23065K [0x000000077ae00000, 0x000000077c980000, 0x0000000780000000)
  object space 28160K, 81% used [0x000000077ae00000,0x000000077c486710,0x000000077c980000)
}
Event: 33.253 GC heap before
{Heap before GC invocations=22 (full 1):
 PSYoungGen      total 32768K, used 21473K [0x00000007d5500000, 0x00000007d8480000, 0x0000000800000000)
  eden space 18944K, 100% used [0x00000007d5500000,0x00000007d6780000,0x00000007d6780000)
  from space 13824K, 18% used [0x00000007d7700000,0x00000007d7978598,0x00000007d8480000)
  to   space 14848K, 0% used [0x00000007d6780000,0x00000007d6780000,0x00000007d7600000)
 ParOldGen       total 87552K, used 60502K [0x0000000780000000, 0x0000000785580000, 0x00000007d5500000)
  object space 87552K, 69% used [0x0000000780000000,0x0000000783b15a90,0x0000000785580000)
 PSPermGen       total 28160K, used 23123K [0x000000077ae00000, 0x000000077c980000, 0x0000000780000000)
  object space 28160K, 82% used [0x000000077ae00000,0x000000077c494c50,0x000000077c980000)
Event: 33.256 GC heap after
Heap after GC invocations=22 (full 1):
 PSYoungGen      total 24576K, used 5499K [0x00000007d5500000, 0x00000007d8380000, 0x0000000800000000)
  eden space 18944K, 0% used [0x00000007d5500000,0x00000007d5500000,0x00000007d6780000)
  from space 5632K, 97% used [0x00000007d6780000,0x00000007d6cdeda8,0x00000007d6d00000)
  to   space 14336K, 0% used [0x00000007d7580000,0x00000007d7580000,0x00000007d8380000)
 ParOldGen       total 87552K, used 62905K [0x0000000780000000, 0x0000000785580000, 0x00000007d5500000)
  object space 87552K, 71% used [0x0000000780000000,0x0000000783d6e6d8,0x0000000785580000)
 PSPermGen       total 28160K, used 23123K [0x000000077ae00000, 0x000000077c980000, 0x0000000780000000)
  object space 28160K, 82% used [0x000000077ae00000,0x000000077c494c50,0x000000077c980000)
}
Event: 35.327 GC heap before
{Heap before GC invocations=23 (full 1):
 PSYoungGen      total 24576K, used 24443K [0x00000007d5500000, 0x00000007d8380000, 0x0000000800000000)
  eden space 18944K, 100% used [0x00000007d5500000,0x00000007d6780000,0x00000007d6780000)
  from space 5632K, 97% used [0x00000007d6780000,0x00000007d6cdeda8,0x00000007d6d00000)
  to   space 14336K, 0% used [0x00000007d7580000,0x00000007d7580000,0x00000007d8380000)
 ParOldGen       total 87552K, used 62905K [0x0000000780000000, 0x0000000785580000, 0x00000007d5500000)
  object space 87552K, 71% used [0x0000000780000000,0x0000000783d6e6d8,0x0000000785580000)
 PSPermGen       total 28160K, used 23130K [0x000000077ae00000, 0x000000077c980000, 0x0000000780000000)
  object space 28160K, 82% used [0x000000077ae00000,0x000000077c496968,0x000000077c980000)
Event: 35.331 GC heap after
Heap after GC invocations=23 (full 1):
 PSYoungGen      total 32256K, used 5083K [0x00000007d5500000, 0x00000007d8280000, 0x0000000800000000)
  eden space 18944K, 0% used [0x00000007d5500000,0x00000007d5500000,0x00000007d6780000)
  from space 13312K, 38% used [0x00000007d7580000,0x00000007d7a76f90,0x00000007d8280000)
  to   space 13824K, 0% used [0x00000007d6780000,0x00000007d6780000,0x00000007d7500000)
 ParOldGen       total 87552K, used 68442K [0x0000000780000000, 0x0000000785580000, 0x00000007d5500000)
  object space 87552K, 78% used [0x0000000780000000,0x00000007842d6b90,0x0000000785580000)
 PSPermGen       total 28160K, used 23130K [0x000000077ae00000, 0x000000077c980000, 0x0000000780000000)
  object space 28160K, 82% used [0x000000077ae00000,0x000000077c496968,0x000000077c980000)
}
Event: 44.492 GC heap before
{Heap before GC invocations=24 (full 1):
 PSYoungGen      total 32256K, used 24027K [0x00000007d5500000, 0x00000007d8280000, 0x0000000800000000)
  eden space 18944K, 100% used [0x00000007d5500000,0x00000007d6780000,0x00000007d6780000)
  from space 13312K, 38% used [0x00000007d7580000,0x00000007d7a76f90,0x00000007d8280000)
  to   space 13824K, 0% used [0x00000007d6780000,0x00000007d6780000,0x00000007d7500000)
 ParOldGen       total 87552K, used 68442K [0x0000000780000000, 0x0000000785580000, 0x00000007d5500000)
  object space 87552K, 78% used [0x0000000780000000,0x00000007842d6b90,0x0000000785580000)
 PSPermGen       total 28160K, used 23165K [0x000000077ae00000, 0x000000077c980000, 0x0000000780000000)
  object space 28160K, 82% used [0x000000077ae00000,0x000000077c49f560,0x000000077c980000)
Event: 44.497 GC heap after
Heap after GC invocations=24 (full 1):
 PSYoungGen      total 23552K, used 4434K [0x00000007d5500000, 0x00000007d8080000, 0x0000000800000000)
  eden space 18944K, 0% used [0x00000007d5500000,0x00000007d5500000,0x00000007d6780000)
  from space 4608K, 96% used [0x00000007d6780000,0x00000007d6bd4aa0,0x00000007d6c00000)
  to   space 12800K, 0% used [0x00000007d7400000,0x00000007d7400000,0x00000007d8080000)
 ParOldGen       total 87552K, used 74904K [0x0000000780000000, 0x0000000785580000, 0x00000007d5500000)
  object space 87552K, 85% used [0x0000000780000000,0x00000007849260e0,0x0000000785580000)
 PSPermGen       total 28160K, used 23165K [0x000000077ae00000, 0x000000077c980000, 0x0000000780000000)
  object space 28160K, 82% used [0x000000077ae00000,0x000000077c49f560,0x000000077c980000)
}

